2025-11-26 23:05:53 | Code.exe (14696)               | Ctrl+c
2025-11-26 23:05:53 | Code.exe (14696)               | Ctrl+c
2025-11-26 23:05:53 | Code.exe (14696)               | Ctrl+c
2025-11-26 23:05:53 | Code.exe (14696)               | Ctrl+v
2025-11-26 23:05:54 | Code.exe (14696)               | Ctrl+c
2025-11-26 23:05:54 | Code.exe (14696)               | Ctrl+v
2025-11-26 23:05:54 | Code.exe (14696)               | Ctrl+c
2025-11-26 23:06:10 | Discord.exe (5588)             | Shift+p
2025-11-26 23:06:10 | Discord.exe (5588)             | r
2025-11-26 23:06:10 | Discord.exe (5588)             | o
2025-11-26 23:06:10 | Discord.exe (5588)             | c
2025-11-26 23:06:11 | Discord.exe (5588)             | e
2025-11-26 23:06:11 | Discord.exe (5588)             | s
2025-11-26 23:06:11 | Discord.exe (5588)             | s
2025-11-26 23:06:11 | Discord.exe (5588)             | [SPACE]
2025-11-26 23:06:11 | Discord.exe (5588)             | q
2025-11-26 23:06:11 | Discord.exe (5588)             | u
2025-11-26 23:06:11 | Discord.exe (5588)             | i
2025-11-26 23:06:12 | Discord.exe (5588)             | [SPACE]
2025-11-26 23:06:12 | Discord.exe (5588)             | t
2025-11-26 23:06:12 | Discord.exe (5588)             | o
2025-11-26 23:06:12 | Discord.exe (5588)             | u
2025-11-26 23:06:12 | Discord.exe (5588)             | r
2025-11-26 23:06:12 | Discord.exe (5588)             | n
2025-11-26 23:06:13 | Discord.exe (5588)             | e
2025-11-26 23:06:13 | Discord.exe (5588)             | [SPACE]
2025-11-26 23:06:14 | Discord.exe (5588)             | [BACKSPACE]
2025-11-26 23:06:14 | Discord.exe (5588)             | m
2025-11-26 23:06:14 | Discord.exe (5588)             | [SPACE]
2025-11-26 23:06:15 | Discord.exe (5588)             | [BACKSPACE]
2025-11-26 23:06:15 | Discord.exe (5588)             | [BACKSPACE]
2025-11-26 23:06:15 | Discord.exe (5588)             | ,
2025-11-26 23:06:15 | Discord.exe (5588)             | [SPACE]
2025-11-26 23:06:16 | Discord.exe (5588)             | c
2025-11-26 23:06:16 | Discord.exe (5588)             | '
2025-11-26 23:06:16 | Discord.exe (5588)             | e
2025-11-26 23:06:16 | Discord.exe (5588)             | s
2025-11-26 23:06:16 | Discord.exe (5588)             | t
2025-11-26 23:06:16 | Discord.exe (5588)             | [SPACE]
2025-11-26 23:06:16 | Discord.exe (5588)             | u
2025-11-26 23:06:17 | Discord.exe (5588)             | n
2025-11-26 23:06:17 | Discord.exe (5588)             | [SPACE]
2025-11-26 23:06:17 | Discord.exe (5588)             | t
2025-11-26 23:06:17 | Discord.exe (5588)             | e
2025-11-26 23:06:17 | Discord.exe (5588)             | r
2025-11-26 23:06:18 | Discord.exe (5588)             | [BACKSPACE]
2025-11-26 23:06:18 | Discord.exe (5588)             | s
2025-11-26 23:06:18 | Discord.exe (5588)             | t
2025-11-26 23:06:18 | Discord.exe (5588)             | [SPACE]
2025-11-26 23:06:19 | Discord.exe (5588)             | Shift+1
2025-11-26 23:06:41 | Discord.exe (5588)             | Shift+n
2025-11-26 23:06:41 | Discord.exe (5588)             | i
2025-11-26 23:06:41 | Discord.exe (5588)             | q
2025-11-26 23:06:41 | Discord.exe (5588)             | u
2025-11-26 23:06:42 | Discord.exe (5588)             | e
2025-11-26 23:06:42 | Discord.exe (5588)             | l
2025-11-26 23:06:42 | Discord.exe (5588)             | [SPACE]
2025-11-26 23:06:42 | Discord.exe (5588)             | g
2025-11-26 23:06:43 | Discord.exe (5588)             | r
2025-11-26 23:06:43 | Discord.exe (5588)             | o
2025-11-26 23:06:43 | Discord.exe (5588)             | s
2025-11-26 23:06:43 | Discord.exe (5588)             | [SPACE]
2025-11-26 23:06:43 | Discord.exe (5588)             | [BACKSPACE]
2025-11-26 23:06:44 | Discord.exe (5588)             | [ENTER]
2025-11-26 23:06:44 | Discord.exe (5588)             | Shift+d
2025-11-26 23:06:44 | Discord.exe (5588)             | e
2025-11-26 23:06:44 | Discord.exe (5588)             | s
2025-11-26 23:06:44 | Discord.exe (5588)             | o
2025-11-26 23:06:45 | Discord.exe (5588)             | [SPACE]
2025-11-26 23:06:45 | Discord.exe (5588)             | d
2025-11-26 23:06:45 | Discord.exe (5588)             | e
2025-11-26 23:06:45 | Discord.exe (5588)             | [SPACE]
2025-11-26 23:06:46 | Discord.exe (5588)             | r
2025-11-26 23:06:46 | Discord.exe (5588)             | e
2025-11-26 23:06:46 | Discord.exe (5588)             | p
2025-11-26 23:06:46 | Discord.exe (5588)             | o
2025-11-26 23:06:46 | Discord.exe (5588)             | n
2025-11-26 23:06:46 | Discord.exe (5588)             | d
2025-11-26 23:06:46 | Discord.exe (5588)             | r
2025-11-26 23:06:47 | Discord.exe (5588)             | e
2025-11-26 23:06:47 | Discord.exe (5588)             | [SPACE]
2025-11-26 23:06:47 | Discord.exe (5588)             | q
2025-11-26 23:06:47 | Discord.exe (5588)             | u
2025-11-26 23:06:47 | Discord.exe (5588)             | [SPACE]
2025-11-26 23:06:47 | Discord.exe (5588)             | [BACKSPACE]
2025-11-26 23:06:48 | Discord.exe (5588)             | e
2025-11-26 23:06:48 | Discord.exe (5588)             | [SPACE]
2025-11-26 23:06:48 | Discord.exe (5588)             | m
2025-11-26 23:06:48 | Discord.exe (5588)             | a
2025-11-26 23:06:48 | Discord.exe (5588)             | i
2025-11-26 23:06:48 | Discord.exe (5588)             | n
2025-11-26 23:06:48 | Discord.exe (5588)             | t
2025-11-26 23:06:49 | Discord.exe (5588)             | a
2025-11-26 23:06:49 | Discord.exe (5588)             | [BACKSPACE]
2025-11-26 23:06:49 | Discord.exe (5588)             | [BACKSPACE]
2025-11-26 23:06:50 | Discord.exe (5588)             | t
2025-11-26 23:06:50 | Discord.exe (5588)             | e
2025-11-26 23:06:50 | Discord.exe (5588)             | n
2025-11-26 23:06:51 | Discord.exe (5588)             | a
2025-11-26 23:06:51 | Discord.exe (5588)             | n
2025-11-26 23:06:51 | Discord.exe (5588)             | t
2025-11-26 23:06:51 | Discord.exe (5588)             | [SPACE]
2025-11-26 23:06:51 | Discord.exe (5588)             | [BACKSPACE]
2025-11-26 23:06:52 | Discord.exe (5588)             | [ENTER]
2025-11-26 23:06:52 | Discord.exe (5588)             | Shift+j
2025-11-26 23:06:52 | Discord.exe (5588)             | e
2025-11-26 23:06:52 | Discord.exe (5588)             | [SPACE]
2025-11-26 23:06:53 | Discord.exe (5588)             | v
2025-11-26 23:06:53 | Discord.exe (5588)             | i
2025-11-26 23:06:53 | Discord.exe (5588)             | e
2025-11-26 23:06:53 | Discord.exe (5588)             | n
2025-11-26 23:06:53 | Discord.exe (5588)             | s
2025-11-26 23:06:53 | Discord.exe (5588)             | [SPACE]
2025-11-26 23:06:53 | Discord.exe (5588)             | d
2025-11-26 23:06:54 | Discord.exe (5588)             | e
2025-11-26 23:06:54 | Discord.exe (5588)             | [SPACE]
2025-11-26 23:06:54 | Discord.exe (5588)             | t
2025-11-26 23:06:54 | Discord.exe (5588)             | e
2025-11-26 23:06:54 | Discord.exe (5588)             | s
2025-11-26 23:06:54 | Discord.exe (5588)             | t
2025-11-26 23:06:54 | Discord.exe (5588)             | e
2025-11-26 23:06:55 | Discord.exe (5588)             | r
2025-11-26 23:06:55 | Discord.exe (5588)             | [SPACE]
2025-11-26 23:06:55 | Discord.exe (5588)             | [BACKSPACE]
2025-11-26 23:06:56 | Discord.exe (5588)             | ,
2025-11-26 23:06:56 | Discord.exe (5588)             | [SPACE]
2025-11-26 23:06:56 | Discord.exe (5588)             | c
2025-11-26 23:06:57 | Discord.exe (5588)             | a
2025-11-26 23:06:57 | Discord.exe (5588)             | [SPACE]
2025-11-26 23:06:57 | Discord.exe (5588)             | a
2025-11-26 23:06:58 | Discord.exe (5588)             | [SPACE]
2025-11-26 23:06:59 | Discord.exe (5588)             | l
2025-11-26 23:06:59 | Discord.exe (5588)             | '
2025-11-26 23:06:59 | Discord.exe (5588)             | a
2025-11-26 23:06:59 | Discord.exe (5588)             | o
2025-11-26 23:06:59 | Discord.exe (5588)             | i
2025-11-26 23:07:00 | Discord.exe (5588)             | o
2025-11-26 23:07:00 | Discord.exe (5588)             | [BACKSPACE]
2025-11-26 23:07:00 | Discord.exe (5588)             | [BACKSPACE]
2025-11-26 23:07:00 | Discord.exe (5588)             | r
2025-11-26 23:07:01 | Discord.exe (5588)             | [BACKSPACE]
2025-11-26 23:07:01 | Discord.exe (5588)             | [BACKSPACE]
2025-11-26 23:07:01 | Discord.exe (5588)             | i
2025-11-26 23:07:01 | Discord.exe (5588)             | r
2025-11-26 23:07:01 | Discord.exe (5588)             | [SPACE]
2025-11-26 23:07:01 | Discord.exe (5588)             | c
2025-11-26 23:07:02 | Discord.exe (5588)             | a
2025-11-26 23:07:02 | Discord.exe (5588)             | r
2025-11-26 23:07:02 | Discord.exe (5588)             | r
2025-11-26 23:07:03 | Discord.exe (5588)             | e
2025-11-26 23:07:03 | Discord.exe (5588)             | [SPACE]
2025-11-26 23:07:03 | Discord.exe (5588)             | [BACKSPACE]
2025-11-26 23:07:03 | Discord.exe (5588)             | [ENTER]
2025-11-26 23:07:52 | Taskmgr.exe (5360)             | Ctrl+f
2025-11-26 23:07:53 | Taskmgr.exe (5360)             | d
2025-11-26 23:07:53 | Taskmgr.exe (5360)             | i
2025-11-26 23:07:53 | Taskmgr.exe (5360)             | s
2025-11-26 23:08:28 | Code.exe (14696)               | Ctrl+1
2025-11-26 23:08:28 | Code.exe (14696)               | Ctrl+2
2025-11-26 23:08:29 | Code.exe (14696)               | Ctrl+3
2025-11-26 23:08:29 | Code.exe (14696)               | Ctrl+4
2025-11-26 23:08:29 | Code.exe (14696)               | Ctrl+5
2025-11-26 23:08:49 | WindowsTerminal.exe (7268)     | Ctrl+c
